valorant_running=True lockfile_found=True endpoint=https://127.0.0.1:24642 event=local_status time=2026-05-18T21:26:18
service=local method=GET endpoint=/entitlements/v1/token event=request time=2026-05-18T21:26:18
service=local method=GET endpoint=/entitlements/v1/token http_status=200 event=response time=2026-05-18T21:26:19
service=glz method=GET endpoint=/parties/v1/players/773f417a...1aa9 event=request time=2026-05-18T21:26:19
service=glz method=GET endpoint=/parties/v1/players/773f417a...1aa9 http_status=200 event=response time=2026-05-18T21:26:19
service=glz method=GET endpoint=/pregame/v1/players/773f417a...1aa9 event=request time=2026-05-18T21:26:19
service=glz method=GET endpoint=/pregame/v1/players/773f417a...1aa9 http_status=404 event=response time=2026-05-18T21:26:19
service=glz method=GET endpoint=/core-game/v1/players/773f417a...1aa9 event=request time=2026-05-18T21:26:19
service=glz method=GET endpoint=/core-game/v1/players/773f417a...1aa9 http_status=200 event=response time=2026-05-18T21:26:19
service=glz method=GET endpoint=/core-game/v1/matches/4e154c62...d6f6 event=request time=2026-05-18T21:26:19
service=glz method=GET endpoint=/core-game/v1/matches/4e154c62...d6f6 http_status=200 event=response time=2026-05-18T21:26:19
service=pd method=PUT endpoint=/name-service/v2/players event=request time=2026-05-18T21:26:19
service=pd method=PUT endpoint=/name-service/v2/players http_status=200 event=response time=2026-05-18T21:26:19
status=IN_GAME match_id=4e154c62...d6f6 party_id=2f30638d...0897 map=Breeze team_size=5 warnings=[] errors=[] message=Current game detected. Recommendations are available during Agent Select. event=snapshot time=2026-05-18T21:26:19
valorant_running=True lockfile_found=True endpoint=https://127.0.0.1:24642 event=local_status time=2026-05-18T21:30:11
service=local method=GET endpoint=/entitlements/v1/token event=request time=2026-05-18T21:30:12
service=local method=GET endpoint=/entitlements/v1/token http_status=200 event=response time=2026-05-18T21:30:12
service=glz method=GET endpoint=/parties/v1/players/773f417a...1aa9 event=request time=2026-05-18T21:30:12
service=glz method=GET endpoint=/parties/v1/players/773f417a...1aa9 http_status=200 event=response time=2026-05-18T21:30:12
service=glz method=GET endpoint=/pregame/v1/players/773f417a...1aa9 event=request time=2026-05-18T21:30:12
service=glz method=GET endpoint=/pregame/v1/players/773f417a...1aa9 http_status=404 event=response time=2026-05-18T21:30:12
service=glz method=GET endpoint=/core-game/v1/players/773f417a...1aa9 event=request time=2026-05-18T21:30:12
service=glz method=GET endpoint=/core-game/v1/players/773f417a...1aa9 http_status=200 event=response time=2026-05-18T21:30:12
service=glz method=GET endpoint=/core-game/v1/matches/4e154c62...d6f6 event=request time=2026-05-18T21:30:12
service=glz method=GET endpoint=/core-game/v1/matches/4e154c62...d6f6 http_status=200 event=response time=2026-05-18T21:30:12
service=pd method=PUT endpoint=/name-service/v2/players event=request time=2026-05-18T21:30:12
service=pd method=PUT endpoint=/name-service/v2/players http_status=200 event=response time=2026-05-18T21:30:12
status=IN_GAME match_id=4e154c62...d6f6 party_id=2f30638d...0897 map=Breeze team_size=5 warnings=[] errors=[] message=Current game detected. Recommendations are available during Agent Select. event=snapshot time=2026-05-18T21:30:12
